serial --unit=0 --speed=9600 --word=8 --parity=no --stop=1
terminal serial console
# menu.lst - See: grub(8), info grub, update-grub(8)
#            grub-install(8), grub-floppy(8),
#            grub-md5-crypt, /usr/share/doc/grub
#            and /usr/share/doc/grub-doc/.

splashimage=(hd0,0)/grub/splash.xpm.gz

## default num
# Set the default entry to the entry number NUM. Numbering starts from 0, and
# the entry number 0 is the default if the command is not used.
#
# You can specify 'saved' instead of a number. In this case, the default entry
# is the entry saved with the command 'savedefault'.
# WARNING: If you are using dmraid do not change this entry to 'saved' or your
# array will desync and will not let you boot your system.
default		3

## timeout sec
# Set a timeout, in SEC seconds, before automatically booting the default entry
# (normally the first entry defined).
timeout		5

# Pretty colours
#color cyan/blue white/blue

## password ['--md5'] passwd
# If used in the first section of a menu file, disable all interactive editing
# control (menu entry editor and command-line)  and entries protected by the
# command 'lock'
# e.g. password topsecret
#      password --md5 $1$gLhU0/$aW78kHK1QfV3P2b2znUoe/
# password topsecret

#
# examples
#
# title		Windows 95/98/NT/2000
# root		(hd0,0)
# makeactive
# chainloader	+1
#
# title		Linux
# root		(hd0,1)
# kernel	/vmlinuz root=/dev/hda2 ro
#


### BEGIN AUTOMAGIC KERNELS LIST
## lines between the AUTOMAGIC KERNELS LIST markers will be modified
## by the debian update-grub script except for the default options below

## DO NOT UNCOMMENT THEM, Just edit them to your needs

## ## Start Default Options ##
## default kernel options
## default kernel options for automagic boot options
## If you want special options for specific kernels use kopt_x_y_z
## where x.y.z is kernel version. Minor versions can be omitted.
## e.g. kopt=root=/dev/hda1 ro
##      kopt_2_6_8=root=/dev/hdc1 ro
##      kopt_2_6_8_2_686=root=/dev/hdc2 ro
# kopt=root=/dev/mapper/vg0-rootvol ro console=ttyS0,9600n8 console=tty0
# kopt_2_6_23_12_antlinux=rootvol=rootvol volgrp=vg0 ro console=ttyS0,9600n8 console=tty0
# kopt_2_6_23_12_naranja=rootvol=rootvol volgrp=vg0 ro console=ttyS0,9600n8 console=tty0 

## default grub root device
## e.g. groot=(hd0,0)
# groot=(hd0,0)

## should update-grub create alternative automagic boot options
## e.g. alternative=true
##      alternative=false
# alternative=true

## should update-grub lock alternative automagic boot options
## e.g. lockalternative=true
##      lockalternative=false
# lockalternative=false

## additional options to use with the default boot option, but not with the
## alternatives
## e.g. defoptions=vga=791 resume=/dev/hda5
# defoptions=

## should update-grub lock old automagic boot options
## e.g. lockold=false
##      lockold=true
# lockold=false

## Xen hypervisor options to use with the default Xen boot option
# xenhopt=

## Xen Linux kernel options to use with the default Xen boot option
# xenkopt=console=tty0

## altoption boot targets option
## multiple altoptions lines are allowed
## e.g. altoptions=(extra menu suffix) extra boot options
##      altoptions=(single-user) single
# altoptions=(single-user mode) single
# altoptions=(run=init) run=init
# altoptions=(run=sh) run=sh
# altoptions=(run=install) run=install

## controls how many kernels should be put into the menu.lst
## only counts the first occurence of a kernel, not the
## alternative kernel options
## e.g. howmany=all
##      howmany=7
# howmany=all

## should update-grub create memtest86 boot option
## e.g. memtest86=true
##      memtest86=false
# memtest86=true

## should update-grub adjust the value of the default booted system
## can be true or false
# updatedefaultentry=false

## ## End Default Options ##

title		Debian GNU/Linux, kernel 2.6.23.12-naranja
root		(hd0,0)
kernel		/vmlinuz-2.6.23.12-naranja rootvol=rootvol volgrp=vg0 ro console=ttyS0,9600n8 console=tty0 
initrd		/initrd-2.6.23.12-naranja.gz
savedefault

title		Debian GNU/Linux, kernel 2.6.23.12-naranja (single-user mode)
root		(hd0,0)
kernel		/vmlinuz-2.6.23.12-naranja rootvol=rootvol volgrp=vg0 ro console=ttyS0,9600n8 console=tty0 single
initrd		/initrd-2.6.23.12-naranja.gz
savedefault

title		Debian GNU/Linux, kernel 2.6.23.12-naranja (run=init)
root		(hd0,0)
kernel		/vmlinuz-2.6.23.12-naranja rootvol=rootvol volgrp=vg0 ro console=ttyS0,9600n8 console=tty0 run=init
initrd		/initrd-2.6.23.12-naranja.gz
savedefault

title		Debian GNU/Linux, kernel 2.6.23.12-naranja (run=sh)
root		(hd0,0)
kernel		/vmlinuz-2.6.23.12-naranja rootvol=rootvol volgrp=vg0 ro console=ttyS0,9600n8 console=tty0 run=sh
initrd		/initrd-2.6.23.12-naranja.gz
savedefault

title		Debian GNU/Linux, kernel 2.6.23.12-naranja (run=install)
root		(hd0,0)
kernel		/vmlinuz-2.6.23.12-naranja rootvol=rootvol volgrp=vg0 ro console=ttyS0,9600n8 console=tty0 run=install
initrd		/initrd-2.6.23.12-naranja.gz
savedefault

title		Debian GNU/Linux, kernel 2.6.23.12-antlinux
root		(hd0,0)
kernel		/vmlinuz-2.6.23.12-antlinux rootvol=rootvol volgrp=vg0 ro console=ttyS0,9600n8 console=tty0 
initrd		/initrd-2.6.23.12-antlinux.gz
savedefault

title		Debian GNU/Linux, kernel 2.6.23.12-antlinux (single-user mode)
root		(hd0,0)
kernel		/vmlinuz-2.6.23.12-antlinux rootvol=rootvol volgrp=vg0 ro console=ttyS0,9600n8 console=tty0 single
initrd		/initrd-2.6.23.12-antlinux.gz
savedefault

title		Debian GNU/Linux, kernel 2.6.23.12-antlinux (run=init)
root		(hd0,0)
kernel		/vmlinuz-2.6.23.12-antlinux rootvol=rootvol volgrp=vg0 ro console=ttyS0,9600n8 console=tty0 run=init
initrd		/initrd-2.6.23.12-antlinux.gz
savedefault

title		Debian GNU/Linux, kernel 2.6.23.12-antlinux (run=sh)
root		(hd0,0)
kernel		/vmlinuz-2.6.23.12-antlinux rootvol=rootvol volgrp=vg0 ro console=ttyS0,9600n8 console=tty0 run=sh
initrd		/initrd-2.6.23.12-antlinux.gz
savedefault

title		Debian GNU/Linux, kernel 2.6.23.12-antlinux (run=install)
root		(hd0,0)
kernel		/vmlinuz-2.6.23.12-antlinux rootvol=rootvol volgrp=vg0 ro console=ttyS0,9600n8 console=tty0 run=install
initrd		/initrd-2.6.23.12-antlinux.gz
savedefault

title		Debian GNU/Linux, kernel 2.6.18-4-686
root		(hd0,0)
kernel		/vmlinuz-2.6.18-4-686 root=/dev/mapper/vg0-rootvol ro console=ttyS0,9600n8 console=tty0 
initrd		/initrd.img-2.6.18-4-686
savedefault

title		Debian GNU/Linux, kernel 2.6.18-4-686 (single-user mode)
root		(hd0,0)
kernel		/vmlinuz-2.6.18-4-686 root=/dev/mapper/vg0-rootvol ro console=ttyS0,9600n8 console=tty0 single
initrd		/initrd.img-2.6.18-4-686
savedefault

title		Debian GNU/Linux, kernel 2.6.18-4-686 (run=init)
root		(hd0,0)
kernel		/vmlinuz-2.6.18-4-686 root=/dev/mapper/vg0-rootvol ro console=ttyS0,9600n8 console=tty0 run=init
initrd		/initrd.img-2.6.18-4-686
savedefault

title		Debian GNU/Linux, kernel 2.6.18-4-686 (run=sh)
root		(hd0,0)
kernel		/vmlinuz-2.6.18-4-686 root=/dev/mapper/vg0-rootvol ro console=ttyS0,9600n8 console=tty0 run=sh
initrd		/initrd.img-2.6.18-4-686
savedefault

title		Debian GNU/Linux, kernel 2.6.18-4-686 (run=install)
root		(hd0,0)
kernel		/vmlinuz-2.6.18-4-686 root=/dev/mapper/vg0-rootvol ro console=ttyS0,9600n8 console=tty0 run=install
initrd		/initrd.img-2.6.18-4-686
savedefault

### END DEBIAN AUTOMAGIC KERNELS LIST

# these are especial boot lines
title		Debian GNU/Linux, kernel 2.6.23.12-antlinux (root test)
root		(hd0,0)
kernel		/vmlinuz-2.6.23.12-antlinux root=/dev/mapper/vg0-rootvol ro console=ttyS0,9600n8 console=tty0 
initrd		/initrd-2.6.23.12-antlinux.gz
savedefault

title		Debian GNU/Linux, kernel 2.6.23.12-antlinux (no root/rootvol/volgrp)
root		(hd0,0)
kernel		/vmlinuz-2.6.23.12-antlinux ro console=ttyS0,9600n8 console=tty0 
initrd		/initrd-2.6.23.12-antlinux.gz
savedefault

title		Debian GNU/Linux, kernel 2.6.23.12-antlinux (pause-y bits)
root		(hd0,0)
kernel		/vmlinuz-2.6.23.12-antlinux rootvol=rootvol volgrp=vg0 ro console=ttyS0,9600n8 console=tty0 pause=1
initrd		/initrd-2.6.23.12-antlinux.gz
savedefault
#
